语法

    0 $accept: S $end

    1 S: S E '\n'
    2  | %empty

    3 E: E '+' E
    4  | E '-' E
    5  | E '*' E
    6  | E '/' E
    7  | E '%' E
    8  | E '^' E
    9  | T_NUM
   10  | '(' E ')'


Terminals, with rules where they appear

$end (0) 0
'\n' (10) 1
'%' (37) 7
'(' (40) 10
')' (41) 10
'*' (42) 5
'+' (43) 3
'-' (45) 4
'/' (47) 6
'^' (94) 8
error (256)
T_NUM (258) 9


Nonterminals, with rules where they appear

$accept (13)
    左： 0
S (14)
    左： 1 2, 右： 0 1
E (15)
    左： 3 4 5 6 7 8 9 10, 右： 1 3 4 5 6 7 8 10


State 0

    0 $accept: . S $end

    $default  reduce using rule 2 (S)

    S  转到状态 1


State 1

    0 $accept: S . $end
    1 S: S . E '\n'

    $end   shift, and go to state 2
    T_NUM  shift, and go to state 3
    '('    shift, and go to state 4

    E  转到状态 5


State 2

    0 $accept: S $end .

    $default  接受


State 3

    9 E: T_NUM .

    $default  reduce using rule 9 (E)


State 4

   10 E: '(' . E ')'

    T_NUM  shift, and go to state 3
    '('    shift, and go to state 4

    E  转到状态 6


State 5

    1 S: S E . '\n'
    3 E: E . '+' E
    4  | E . '-' E
    5  | E . '*' E
    6  | E . '/' E
    7  | E . '%' E
    8  | E . '^' E

    '+'   shift, and go to state 7
    '-'   shift, and go to state 8
    '*'   shift, and go to state 9
    '/'   shift, and go to state 10
    '%'   shift, and go to state 11
    '^'   shift, and go to state 12
    '\n'  shift, and go to state 13


State 6

    3 E: E . '+' E
    4  | E . '-' E
    5  | E . '*' E
    6  | E . '/' E
    7  | E . '%' E
    8  | E . '^' E
   10  | '(' E . ')'

    '+'  shift, and go to state 7
    '-'  shift, and go to state 8
    '*'  shift, and go to state 9
    '/'  shift, and go to state 10
    '%'  shift, and go to state 11
    '^'  shift, and go to state 12
    ')'  shift, and go to state 14


State 7

    3 E: E '+' . E

    T_NUM  shift, and go to state 3
    '('    shift, and go to state 4

    E  转到状态 15


State 8

    4 E: E '-' . E

    T_NUM  shift, and go to state 3
    '('    shift, and go to state 4

    E  转到状态 16


State 9

    5 E: E '*' . E

    T_NUM  shift, and go to state 3
    '('    shift, and go to state 4

    E  转到状态 17


State 10

    6 E: E '/' . E

    T_NUM  shift, and go to state 3
    '('    shift, and go to state 4

    E  转到状态 18


State 11

    7 E: E '%' . E

    T_NUM  shift, and go to state 3
    '('    shift, and go to state 4

    E  转到状态 19


State 12

    8 E: E '^' . E

    T_NUM  shift, and go to state 3
    '('    shift, and go to state 4

    E  转到状态 20


State 13

    1 S: S E '\n' .

    $default  reduce using rule 1 (S)


State 14

   10 E: '(' E ')' .

    $default  reduce using rule 10 (E)


State 15

    3 E: E . '+' E
    3  | E '+' E .
    4  | E . '-' E
    5  | E . '*' E
    6  | E . '/' E
    7  | E . '%' E
    8  | E . '^' E

    '*'  shift, and go to state 9
    '/'  shift, and go to state 10
    '%'  shift, and go to state 11
    '^'  shift, and go to state 12

    $default  reduce using rule 3 (E)


State 16

    3 E: E . '+' E
    4  | E . '-' E
    4  | E '-' E .
    5  | E . '*' E
    6  | E . '/' E
    7  | E . '%' E
    8  | E . '^' E

    '*'  shift, and go to state 9
    '/'  shift, and go to state 10
    '%'  shift, and go to state 11
    '^'  shift, and go to state 12

    $default  reduce using rule 4 (E)


State 17

    3 E: E . '+' E
    4  | E . '-' E
    5  | E . '*' E
    5  | E '*' E .
    6  | E . '/' E
    7  | E . '%' E
    8  | E . '^' E

    '^'  shift, and go to state 12

    $default  reduce using rule 5 (E)


State 18

    3 E: E . '+' E
    4  | E . '-' E
    5  | E . '*' E
    6  | E . '/' E
    6  | E '/' E .
    7  | E . '%' E
    8  | E . '^' E

    '^'  shift, and go to state 12

    $default  reduce using rule 6 (E)


State 19

    3 E: E . '+' E
    4  | E . '-' E
    5  | E . '*' E
    6  | E . '/' E
    7  | E . '%' E
    7  | E '%' E .
    8  | E . '^' E

    '^'  shift, and go to state 12

    $default  reduce using rule 7 (E)


State 20

    3 E: E . '+' E
    4  | E . '-' E
    5  | E . '*' E
    6  | E . '/' E
    7  | E . '%' E
    8  | E . '^' E
    8  | E '^' E .

    $default  reduce using rule 8 (E)
